<?xml version="1.0" encoding="UTF-8"?>
<!-- Generated by org.testng.reporters.JUnitReportReporter -->
<testsuite hostname="LAPTOP-UD17I2HH" failures="0" tests="3" name="com.training.regression.tests.LoginExcelTest" time="11.775" errors="0" timestamp="2023-04-05T09:34:00 IST" skipped="0">
  <testcase classname="com.training.regression.tests.LoginExcelTest" name="loginDBTest" time="4.000"/>
  <system-out/>
  <testcase classname="com.training.regression.tests.LoginExcelTest" name="loginDBTest" time="3.640"/>
  <system-out/>
  <testcase classname="com.training.regression.tests.LoginExcelTest" name="loginDBTest" time="4.135"/>
  <system-out/>
</testsuite> <!-- com.training.regression.tests.LoginExcelTest -->
