<?xml version="1.0" encoding="UTF-8"?>
<!-- Generated by org.testng.reporters.JUnitReportReporter -->
<testsuite hostname="LAPTOP-UD17I2HH" failures="0" tests="1" name="com.training.sanity.tests.standupcomedy" time="19.011" errors="0" timestamp="2023-04-11T10:58:00 IST" skipped="0">
  <testcase classname="com.training.sanity.tests.standupcomedy" name="blockbuster" time="19.011"/>
  <system-out/>
</testsuite> <!-- com.training.sanity.tests.standupcomedy -->
