<?xml version="1.0" encoding="UTF-8"?>
<!-- Generated by org.testng.reporters.JUnitReportReporter -->
<testsuite hostname="LAPTOP-UD17I2HH" failures="0" tests="1" name="com.training.sanity.tests.blobkbuster" time="1.667" errors="0" timestamp="2023-04-11T11:50:05 IST" skipped="0">
  <testcase classname="com.training.sanity.tests.blobkbuster" name="blockbuster" time="1.667"/>
  <system-out/>
</testsuite> <!-- com.training.sanity.tests.blobkbuster -->
