<?xml version="1.0" encoding="UTF-8"?>
<!-- Generated by org.testng.reporters.JUnitReportReporter -->
<testsuite hostname="LAPTOP-UD17I2HH" failures="0" tests="1" name="com.training.sanity.tests.romanticshow" time="5.120" errors="0" timestamp="2023-04-11T12:26:23 IST" skipped="0">
  <testcase classname="com.training.sanity.tests.romanticshow" name="romanticshow" time="5.120"/>
  <system-out/>
</testsuite> <!-- com.training.sanity.tests.romanticshow -->
