<?xml version="1.0" encoding="UTF-8"?>
<!-- Generated by org.testng.reporters.JUnitReportReporter -->
<testsuite hostname="LAPTOP-UD17I2HH" failures="0" tests="1" name="com.training.sanity.tests.movieintrending" time="0.258" errors="0" timestamp="2023-04-12T08:03:08 IST" skipped="0">
  <testcase classname="com.training.sanity.tests.movieintrending" name="movieintrending" time="0.258"/>
  <system-out/>
</testsuite> <!-- com.training.sanity.tests.movieintrending -->
